================================================== 
[START] 28-05-2026 12:02:19.24 
Starting daily scan and cleanup... 
--- STARTING HOURLY/DAILY AUTOMATED SCANNERS ---
[2026-05-28T06:32:26.667Z] Starting optimization triggered via automatic...
Running VACUUM ANALYZE on Notification table...
--- CLEANUP AND OPTIMIZATION RESULTS ---
{
  "success": true,
  "message": "Completed Successfully",
  "readNotificationsRemoved": 0,
  "oldNotificationsRemoved": 0,
  "spaceRecovered": "0 KB",
  "totalDbSize": "552 KB",
  "salesTotal": 0,
  "salesCount": 0,
  "netRevenue": 0,
  "lowStockCount": 0,
  "whatsappStatus": "Not configured / Failed to send",
  "reportText": "рџ“± *GUJARAT MOBILE KHERGAM*\nрџ§№ *Automated DB Cleanup & Optimization*\nрџ“… *Date:* 28 May 2026\nрџ”Њ *Source:* AUTOMATIC\n\nв”Ѓв”Ѓв”Ѓв”Ѓв”Ѓв”Ѓв”Ѓв”Ѓв”Ѓв”Ѓв”Ѓв”Ѓв”Ѓв”Ѓв”Ѓв”Ѓв”Ѓв”Ѓв”Ѓв”Ѓ\nрџ§№ *CLEANUP & OPTIMIZATION*\nвЂў Read Notifications Removed: *0*\nвЂў Old Notifications Removed: *0*\nвЂў Space Recovered: *Optimized (0 dead tuples)*\nвЂў Total DB Size: *552 KB*\nвЂў Index & Schema Health: *Excellent*\n\nрџ“€ *DAILY STORE REPORT*\nвЂў Total Sales: *в‚№0* (0 bills)\n  - Cash Sales: *в‚№0*\n  - Online Sales: *в‚№0*\nвЂў Total Expenses: *в‚№0* (0 records)\nвЂў Gifts Given: *0* units\nвЂў Defective Replacements: *0* units\n\nрџ”„ *STORE NET REVENUE*\nвЂў Net Revenue: *в‚№0*\nвЂў Expected Counter Cash: *в‚№0*\n\nвљ пёЏ *LOW STOCK ALERTS*\nвЂў *0* items are running low on stock!\nв”Ѓв”Ѓв”Ѓв”Ѓв”Ѓв”Ѓв”Ѓв”Ѓв”Ѓв”Ѓв”Ѓв”Ѓв”Ѓв”Ѓв”Ѓв”Ѓв”Ѓв”Ѓв”Ѓв”Ѓ\nвљЎ *Status:* All systems clean & fully optimized."
}
----------------------------------------
[FINISHED] 28-05-2026 12:02:42.14 
================================================== 
================================================== 
[START] 03-06-2026 23:30:02.19 
Starting daily scan and cleanup... 
Need to install the following packages:
tsx@4.22.4
Ok to proceed? (y) ================================================== 
[START] 07-06-2026 12:03:01.84 
Starting daily scan and cleanup... 
--- STARTING HOURLY/DAILY AUTOMATED SCANNERS ---
[2026-06-07T06:33:02.861Z] Starting optimization triggered via automatic...
Running VACUUM ANALYZE on Notification table...
--- CLEANUP AND OPTIMIZATION RESULTS ---
{
  "success": true,
  "message": "Completed Successfully",
  "readNotificationsRemoved": 1,
  "oldNotificationsRemoved": 0,
  "spaceRecovered": "24 KB",
  "totalDbSize": "568 KB",
  "salesTotal": 0,
  "salesCount": 1,
  "netRevenue": 0,
  "lowStockCount": 0,
  "whatsappStatus": "Not configured / Failed to send",
  "reportText": "рџ“± *GUJARAT MOBILE KHERGAM*\nрџ§№ *Automated DB Cleanup & Optimization*\nрџ“… *Date:* 07 June 2026\nрџ”Њ *Source:* AUTOMATIC\n\nв”Ѓв”Ѓв”Ѓв”Ѓв”Ѓв”Ѓв”Ѓв”Ѓв”Ѓв”Ѓв”Ѓв”Ѓв”Ѓв”Ѓв”Ѓв”Ѓв”Ѓв”Ѓв”Ѓв”Ѓ\nрџ§№ *CLEANUP & OPTIMIZATION*\nвЂў Read Notifications Removed: *1*\nвЂў Old Notifications Removed: *0*\nвЂў Space Recovered: *24 KB*\nвЂў Total DB Size: *568 KB*\nвЂў Index & Schema Health: *Excellent*\n\nрџ“€ *DAILY STORE REPORT*\nвЂў Total Sales: *в‚№0* (1 bills)\n  - Cash Sales: *в‚№0*\n  - Online Sales: *в‚№0*\nвЂў Total Expenses: *в‚№0* (0 records)\nвЂў Gifts Given: *0* units\nвЂў Defective Replacements: *0* units\n\nрџ”„ *STORE NET REVENUE*\nвЂў Net Revenue: *в‚№0*\nвЂў Expected Counter Cash: *в‚№0*\n\nвљ пёЏ *LOW STOCK ALERTS*\nвЂў *0* items are running low on stock!\nв”Ѓв”Ѓв”Ѓв”Ѓв”Ѓв”Ѓв”Ѓв”Ѓв”Ѓв”Ѓв”Ѓв”Ѓв”Ѓв”Ѓв”Ѓв”Ѓв”Ѓв”Ѓв”Ѓв”Ѓ\nвљЎ *Status:* All systems clean & fully optimized."
}
----------------------------------------
[FINISHED] 07-06-2026 12:03:10.17 
================================================== 
================================================== 
[START] 07-06-2026 12:05:16.49 
Starting daily scan and cleanup... 
--- STARTING HOURLY/DAILY AUTOMATED SCANNERS ---
[2026-06-07T06:35:17.519Z] Starting optimization triggered via automatic...
Running VACUUM ANALYZE on Notification table...
--- CLEANUP AND OPTIMIZATION RESULTS ---
{
  "success": true,
  "message": "Completed Successfully",
  "readNotificationsRemoved": 0,
  "oldNotificationsRemoved": 0,
  "spaceRecovered": "0 KB",
  "totalDbSize": "568 KB",
  "salesTotal": 0,
  "salesCount": 1,
  "netRevenue": 0,
  "lowStockCount": 0,
  "whatsappStatus": "Not configured / Failed to send",
  "reportText": "рџ“± *GUJARAT MOBILE KHERGAM*\nрџ§№ *Automated DB Cleanup & Optimization*\nрџ“… *Date:* 07 June 2026\nрџ”Њ *Source:* AUTOMATIC\n\nв”Ѓв”Ѓв”Ѓв”Ѓв”Ѓв”Ѓв”Ѓв”Ѓв”Ѓв”Ѓв”Ѓв”Ѓв”Ѓв”Ѓв”Ѓв”Ѓв”Ѓв”Ѓв”Ѓв”Ѓ\nрџ§№ *CLEANUP & OPTIMIZATION*\nвЂў Read Notifications Removed: *0*\nвЂў Old Notifications Removed: *0*\nвЂў Space Recovered: *Optimized (0 dead tuples)*\nвЂў Total DB Size: *568 KB*\nвЂў Index & Schema Health: *Excellent*\n\nрџ“€ *DAILY STORE REPORT*\nвЂў Total Sales: *в‚№0* (1 bills)\n  - Cash Sales: *в‚№0*\n  - Online Sales: *в‚№0*\nвЂў Total Expenses: *в‚№0* (0 records)\nвЂў Gifts Given: *0* units\nвЂў Defective Replacements: *0* units\n\nрџ”„ *STORE NET REVENUE*\nвЂў Net Revenue: *в‚№0*\nвЂў Expected Counter Cash: *в‚№0*\n\nвљ пёЏ *LOW STOCK ALERTS*\nвЂў *0* items are running low on stock!\nв”Ѓв”Ѓв”Ѓв”Ѓв”Ѓв”Ѓв”Ѓв”Ѓв”Ѓв”Ѓв”Ѓв”Ѓв”Ѓв”Ѓв”Ѓв”Ѓв”Ѓв”Ѓв”Ѓв”Ѓ\nвљЎ *Status:* All systems clean & fully optimized."
}
----------------------------------------
[FINISHED] 07-06-2026 12:05:21.97 
================================================== 
================================================== 
[START] 07-06-2026 12:05:30.76 
Starting daily scan and cleanup... 
--- STARTING HOURLY/DAILY AUTOMATED SCANNERS ---
[2026-06-07T06:35:31.792Z] Starting optimization triggered via automatic...
Running VACUUM ANALYZE on Notification table...
--- CLEANUP AND OPTIMIZATION RESULTS ---
{
  "success": true,
  "message": "Completed Successfully",
  "readNotificationsRemoved": 0,
  "oldNotificationsRemoved": 0,
  "spaceRecovered": "0 KB",
  "totalDbSize": "568 KB",
  "salesTotal": 0,
  "salesCount": 1,
  "netRevenue": 0,
  "lowStockCount": 0,
  "whatsappStatus": "Not configured / Failed to send",
  "reportText": "рџ“± *GUJARAT MOBILE KHERGAM*\nрџ§№ *Automated DB Cleanup & Optimization*\nрџ“… *Date:* 07 June 2026\nрџ”Њ *Source:* AUTOMATIC\n\nв”Ѓв”Ѓв”Ѓв”Ѓв”Ѓв”Ѓв”Ѓв”Ѓв”Ѓв”Ѓв”Ѓв”Ѓв”Ѓв”Ѓв”Ѓв”Ѓв”Ѓв”Ѓв”Ѓв”Ѓ\nрџ§№ *CLEANUP & OPTIMIZATION*\nвЂў Read Notifications Removed: *0*\nвЂў Old Notifications Removed: *0*\nвЂў Space Recovered: *Optimized (0 dead tuples)*\nвЂў Total DB Size: *568 KB*\nвЂў Index & Schema Health: *Excellent*\n\nрџ“€ *DAILY STORE REPORT*\nвЂў Total Sales: *в‚№0* (1 bills)\n  - Cash Sales: *в‚№0*\n  - Online Sales: *в‚№0*\nвЂў Total Expenses: *в‚№0* (0 records)\nвЂў Gifts Given: *0* units\nвЂў Defective Replacements: *0* units\n\nрџ”„ *STORE NET REVENUE*\nвЂў Net Revenue: *в‚№0*\nвЂў Expected Counter Cash: *в‚№0*\n\nвљ пёЏ *LOW STOCK ALERTS*\nвЂў *0* items are running low on stock!\nв”Ѓв”Ѓв”Ѓв”Ѓв”Ѓв”Ѓв”Ѓв”Ѓв”Ѓв”Ѓв”Ѓв”Ѓв”Ѓв”Ѓв”Ѓв”Ѓв”Ѓв”Ѓв”Ѓв”Ѓ\nвљЎ *Status:* All systems clean & fully optimized."
}
----------------------------------------
[FINISHED] 07-06-2026 12:05:36.60 
================================================== 
================================================== 
[START] 08-06-2026 12:01:36.50 
Starting daily scan and cleanup... 
--- STARTING HOURLY/DAILY AUTOMATED SCANNERS ---
[2026-06-08T06:31:37.333Z] Starting optimization triggered via automatic...
Running VACUUM ANALYZE on Notification table...
--- CLEANUP AND OPTIMIZATION RESULTS ---
{
  "success": true,
  "message": "Completed Successfully",
  "readNotificationsRemoved": 0,
  "oldNotificationsRemoved": 0,
  "spaceRecovered": "0 KB",
  "totalDbSize": "568 KB",
  "salesTotal": 0,
  "salesCount": 0,
  "netRevenue": 0,
  "lowStockCount": 0,
  "whatsappStatus": "Not configured / Failed to send",
  "reportText": "рџ“± *GUJARAT MOBILE KHERGAM*\nрџ§№ *Automated DB Cleanup & Optimization*\nрџ“… *Date:* 08 June 2026\nрџ”Њ *Source:* AUTOMATIC\n\nв”Ѓв”Ѓв”Ѓв”Ѓв”Ѓв”Ѓв”Ѓв”Ѓв”Ѓв”Ѓв”Ѓв”Ѓв”Ѓв”Ѓв”Ѓв”Ѓв”Ѓв”Ѓв”Ѓв”Ѓ\nрџ§№ *CLEANUP & OPTIMIZATION*\nвЂў Read Notifications Removed: *0*\nвЂў Old Notifications Removed: *0*\nвЂў Space Recovered: *Optimized (0 dead tuples)*\nвЂў Total DB Size: *568 KB*\nвЂў Index & Schema Health: *Excellent*\n\nрџ“€ *DAILY STORE REPORT*\nвЂў Total Sales: *в‚№0* (0 bills)\n  - Cash Sales: *в‚№0*\n  - Online Sales: *в‚№0*\nвЂў Total Expenses: *в‚№0* (0 records)\nвЂў Gifts Given: *0* units\nвЂў Defective Replacements: *0* units\n\nрџ”„ *STORE NET REVENUE*\nвЂў Net Revenue: *в‚№0*\nвЂў Expected Counter Cash: *в‚№0*\n\nвљ пёЏ *LOW STOCK ALERTS*\nвЂў *0* items are running low on stock!\nв”Ѓв”Ѓв”Ѓв”Ѓв”Ѓв”Ѓв”Ѓв”Ѓв”Ѓв”Ѓв”Ѓв”Ѓв”Ѓв”Ѓв”Ѓв”Ѓв”Ѓв”Ѓв”Ѓв”Ѓ\nвљЎ *Status:* All systems clean & fully optimized."
}
----------------------------------------
[FINISHED] 08-06-2026 12:01:44.11 
================================================== 
================================================== 
[START] 08-06-2026 23:30:07.22 
Starting daily scan and cleanup... 
--- STARTING HOURLY/DAILY AUTOMATED SCANNERS ---
[2026-06-08T18:00:08.429Z] Starting optimization triggered via automatic...
Running VACUUM ANALYZE on Notification table...
Next.js cache size (159.69 MB) is within limit (300MB). No cleanup needed.
--- CLEANUP AND OPTIMIZATION RESULTS ---
{
  "success": true,
  "message": "Completed Successfully",
  "readNotificationsRemoved": 0,
  "oldNotificationsRemoved": 0,
  "spaceRecovered": "0 KB",
  "totalDbSize": "752 KB",
  "nextCacheSpaceRecovered": "0 KB",
  "nextCacheSize": "159.69 MB",
  "salesTotal": 649,
  "salesCount": 4,
  "netRevenue": 649,
  "lowStockCount": 0,
  "whatsappStatus": "Not configured / Failed to send",
  "reportText": "рџ“± *GUJARAT MOBILE KHERGAM*\nрџ§№ *Automated DB & Webapp Cleanup & Optimization*\nрџ“… *Date:* 08 June 2026\nрџ”Њ *Source:* AUTOMATIC\n\nв”Ѓв”Ѓв”Ѓв”Ѓв”Ѓв”Ѓв”Ѓв”Ѓв”Ѓв”Ѓв”Ѓв”Ѓв”Ѓв”Ѓв”Ѓв”Ѓв”Ѓв”Ѓв”Ѓв”Ѓ\nрџ§№ *CLEANUP & OPTIMIZATION*\nвЂў Read Notifications Removed: *0*\nвЂў Old Notifications Removed: *0*\nвЂў DB Space Recovered: *Optimized (0 dead tuples)*\nвЂў Webapp Cache Cleaned: *Clean (Under 300MB)*\nвЂў Total DB Size: *752 KB*\nвЂў Webapp Cache Size: *159.69 MB*\nвЂў Index & Schema Health: *Excellent*\n\nрџ“€ *DAILY STORE REPORT*\nвЂў Total Sales: *в‚№649* (4 bills)\n  - Cash Sales: *в‚№550*\n  - Online Sales: *в‚№99*\nвЂў Total Expenses: *в‚№0* (0 records)\nвЂў Gifts Given: *2* units\nвЂў Defective Replacements: *1* units\n\nрџ”„ *STORE NET REVENUE*\nвЂў Net Revenue: *в‚№649*\nвЂў Expected Counter Cash: *в‚№550*\n\nвљ пёЏ *LOW STOCK ALERTS*\nвЂў *0* items are running low on stock!\nв”Ѓв”Ѓв”Ѓв”Ѓв”Ѓв”Ѓв”Ѓв”Ѓв”Ѓв”Ѓв”Ѓв”Ѓв”Ѓв”Ѓв”Ѓв”Ѓв”Ѓв”Ѓв”Ѓв”Ѓ\nвљЎ *Status:* All systems clean & fully optimized."
}
----------------------------------------
[FINISHED] 08-06-2026 23:30:18.86 
================================================== 
